app/build/intermediates/manifest_merge_blame_file/debug/manifest-merger-blame-debug-report.txt
1<?xml version="1.0" encoding="utf-8"?>
2<manifest xmlns:android="http://schemas.android.com/apk/res/android"
3    package="com.rapido.provider"
4    android:versionCode="3"
5    android:versionName="1.0.0.2" >
6
7    <uses-sdk
8        android:minSdkVersion="21"
8-->src/main/AndroidManifest.xml
9        android:targetSdkVersion="28" />
9-->src/main/AndroidManifest.xml
10    <!-- To auto-complete the email text field in the login form with the user's emails -->
11    <permission
11-->src/main/AndroidManifest.xml:6:5-8:47
12        android:name="com.rapido.provider.permission.MAPS_RECEIVE"
12-->src/main/AndroidManifest.xml:7:9-67
13        android:protectionLevel="signature" />
13-->src/main/AndroidManifest.xml:8:9-44
14
15    <uses-feature
15-->src/main/AndroidManifest.xml:10:5-12:35
16        android:glEsVersion="0x00020000"
16-->src/main/AndroidManifest.xml:11:9-41
17        android:required="true" />
17-->src/main/AndroidManifest.xml:12:9-32
18
19    <uses-permission android:name="com.mbeba.provider.mapfragment.permission.MAPS_RECEIVE" />
19-->src/main/AndroidManifest.xml:14:5-94
19-->src/main/AndroidManifest.xml:14:22-91
20    <uses-permission android:name="android.permission.INTERNET" />
20-->src/main/AndroidManifest.xml:15:5-67
20-->src/main/AndroidManifest.xml:15:22-64
21    <uses-permission android:name="android.permission.ACCESS_NETWORK_STATE" />
21-->src/main/AndroidManifest.xml:16:5-79
21-->src/main/AndroidManifest.xml:16:22-76
22    <uses-permission android:name="android.permission.WRITE_EXTERNAL_STORAGE" />
22-->src/main/AndroidManifest.xml:17:5-81
22-->src/main/AndroidManifest.xml:17:22-78
23    <uses-permission android:name="android.permission.READ_EXTERNAL_STORAGE" />
23-->src/main/AndroidManifest.xml:18:5-80
23-->src/main/AndroidManifest.xml:18:22-77
24    <uses-permission android:name="com.google.android.provider.gsf.permission.READ_GSERVICES" />
24-->src/main/AndroidManifest.xml:19:5-97
24-->src/main/AndroidManifest.xml:19:22-94
25    <uses-permission android:name="android.permission.ACCESS_COARSE_LOCATION" />
25-->src/main/AndroidManifest.xml:21:5-81
25-->src/main/AndroidManifest.xml:21:22-78
26    <uses-permission android:name="android.permission.ACCESS_FINE_LOCATION" />
26-->src/main/AndroidManifest.xml:22:5-79
26-->src/main/AndroidManifest.xml:22:22-76
27    <uses-permission android:name="android.permission.CALL_PHONE" />
27-->src/main/AndroidManifest.xml:23:5-69
27-->src/main/AndroidManifest.xml:23:22-66
28    <uses-permission android:name="android.permission.CAMERA" />
28-->src/main/AndroidManifest.xml:24:5-65
28-->src/main/AndroidManifest.xml:24:22-62
29    <uses-permission android:name="android.permission.ACCESS_WIFI_STATE" />
29-->src/main/AndroidManifest.xml:25:5-76
29-->src/main/AndroidManifest.xml:25:22-73
30    <uses-permission android:name="android.permission.CHANGE_WIFI_MULTICAST_STATE" />
30-->src/main/AndroidManifest.xml:26:5-86
30-->src/main/AndroidManifest.xml:26:22-83
31    <uses-permission android:name="android.permission.GET_ACCOUNTS" />
31-->src/main/AndroidManifest.xml:27:5-71
31-->src/main/AndroidManifest.xml:27:22-68
32    <uses-permission android:name="android.permission.USE_CREDENTIALS" />
32-->src/main/AndroidManifest.xml:28:5-74
32-->src/main/AndroidManifest.xml:28:22-71
33    <uses-permission android:name="android.permission.READ_PHONE_STATE" />
33-->src/main/AndroidManifest.xml:29:5-75
33-->src/main/AndroidManifest.xml:29:22-72
34    <uses-permission android:name="android.permission.FOREGROUND_SERVICE" />
34-->src/main/AndroidManifest.xml:30:5-77
34-->src/main/AndroidManifest.xml:30:22-74
35    <uses-permission android:name="android.permission.WAKE_LOCK" />
35-->src/main/AndroidManifest.xml:31:5-67
35-->src/main/AndroidManifest.xml:31:22-65
36
37    <uses-feature android:name="android.hardware.camera" />
37-->src/main/AndroidManifest.xml:32:5-60
37-->src/main/AndroidManifest.xml:32:19-57
38
39    <uses-permission android:name="android.permission.VIBRATE" /> <!-- Required by older versions of Google Play services to create GCM registration tokens -->
39-->[com.github.citux:datetimepicker:0.3.0] AndroidManifest.xml:24:5-66
39-->[com.github.citux:datetimepicker:0.3.0] AndroidManifest.xml:24:22-63
40    <uses-permission android:name="com.google.android.c2dm.permission.RECEIVE" />
40-->[com.google.android.gms:play-services-gcm:17.0.0] AndroidManifest.xml:23:5-82
40-->[com.google.android.gms:play-services-gcm:17.0.0] AndroidManifest.xml:23:22-79
41    <uses-permission android:name="com.google.android.finsky.permission.BIND_GET_INSTALL_REFERRER_SERVICE" />
41-->[com.google.android.gms:play-services-measurement:17.2.1] AndroidManifest.xml:26:5-110
41-->[com.google.android.gms:play-services-measurement:17.2.1] AndroidManifest.xml:26:22-107
42
43    <application
43-->src/main/AndroidManifest.xml:34:5-303:19
44        android:name="com.rapido.provider.Transportation.Helper.Ilyft"
44-->src/main/AndroidManifest.xml:35:9-71
45        android:allowBackup="false"
45-->src/main/AndroidManifest.xml:36:9-36
46        android:appComponentFactory="androidx.core.app.CoreComponentFactory"
46-->[androidx.core:core:1.1.0] AndroidManifest.xml:24:18-86
47        android:debuggable="true"
48        android:fullBackupContent="false"
48-->src/main/AndroidManifest.xml:37:9-42
49        android:hardwareAccelerated="true"
49-->src/main/AndroidManifest.xml:38:9-43
50        android:icon="@mipmap/ic_launcher"
50-->src/main/AndroidManifest.xml:39:9-43
51        android:label="@string/app_name"
51-->src/main/AndroidManifest.xml:40:9-41
52        android:largeHeap="true"
52-->src/main/AndroidManifest.xml:41:9-33
53        android:networkSecurityConfig="@xml/network_security_config"
53-->src/main/AndroidManifest.xml:46:9-69
54        android:supportsRtl="true"
54-->src/main/AndroidManifest.xml:42:9-35
55        android:testOnly="true"
56        android:theme="@style/AppTheme"
56-->src/main/AndroidManifest.xml:43:9-40
57        android:usesCleartextTraffic="true" >
57-->src/main/AndroidManifest.xml:44:9-44
58        <activity
58-->src/main/AndroidManifest.xml:49:9-58:20
59            android:name="com.rapido.provider.Transportation.Activities.NotificationTab"
59-->src/main/AndroidManifest.xml:49:19-95
60            android:configChanges="orientation|keyboardHidden|screenSize"
60-->src/main/AndroidManifest.xml:50:13-74
61            android:theme="@style/AppTheme.NoActionBar" >
61-->src/main/AndroidManifest.xml:52:13-56
62            <intent-filter>
62-->src/main/AndroidManifest.xml:53:13-57:29
63                <action android:name="com.quickridejadriver.provider.TARGETNOTIFICATION" />
63-->src/main/AndroidManifest.xml:54:17-91
63-->src/main/AndroidManifest.xml:54:25-89
64
65                <category android:name="android.intent.category.DEFAULT" />
65-->src/main/AndroidManifest.xml:56:17-76
65-->src/main/AndroidManifest.xml:56:27-73
66            </intent-filter>
67        </activity>
68        <activity android:name="com.rapido.provider.Transportation.Activities.DocUploadActivity" />
68-->src/main/AndroidManifest.xml:59:9-100
68-->src/main/AndroidManifest.xml:59:19-97
69
70        <uses-library
70-->src/main/AndroidManifest.xml:61:9-63:40
71            android:name="org.apache.http.legacy"
71-->src/main/AndroidManifest.xml:62:13-50
72            android:required="false" />
72-->src/main/AndroidManifest.xml:63:13-37
73
74        <activity
74-->src/main/AndroidManifest.xml:64:9-67:59
75            android:name="com.rapido.provider.Transportation.Activities.WithdrawActivity"
75-->src/main/AndroidManifest.xml:65:13-90
76            android:screenOrientation="portrait"
76-->src/main/AndroidManifest.xml:66:13-49
77            android:theme="@style/AppTheme.NoActionBar" />
77-->src/main/AndroidManifest.xml:67:13-56
78        <activity
78-->src/main/AndroidManifest.xml:68:9-71:59
79            android:name="com.rapido.provider.Transportation.Activities.OtpVerification"
79-->src/main/AndroidManifest.xml:69:13-89
80            android:screenOrientation="portrait"
80-->src/main/AndroidManifest.xml:70:13-49
81            android:theme="@style/AppTheme.NoActionBar" />
81-->src/main/AndroidManifest.xml:71:13-56
82        <activity
82-->src/main/AndroidManifest.xml:72:9-76:59
83            android:name="com.rapido.provider.Transportation.Activities.WithdrawAmountActivity"
83-->src/main/AndroidManifest.xml:73:13-96
84            android:screenOrientation="portrait"
84-->src/main/AndroidManifest.xml:74:13-49
85            android:theme="@style/AppTheme.NoActionBar"
85-->src/main/AndroidManifest.xml:76:13-56
86            android:windowSoftInputMode="stateHidden|adjustPan" />
86-->src/main/AndroidManifest.xml:75:13-64
87        <activity android:name="com.rapido.provider.Transportation.Activities.DocumentStatus" />
87-->src/main/AndroidManifest.xml:77:9-97
87-->src/main/AndroidManifest.xml:77:19-94
88        <activity
88-->src/main/AndroidManifest.xml:78:9-86:20
89            android:name="com.rapido.provider.Transportation.Activities.SplashScreen"
89-->src/main/AndroidManifest.xml:79:13-86
90            android:theme="@style/AppTheme.NoActionBar" >
90-->src/main/AndroidManifest.xml:80:13-56
91            <intent-filter>
91-->src/main/AndroidManifest.xml:81:13-85:29
92                <action android:name="android.intent.action.MAIN" />
92-->src/main/AndroidManifest.xml:82:17-69
92-->src/main/AndroidManifest.xml:82:25-66
93
94                <category android:name="android.intent.category.LAUNCHER" />
94-->src/main/AndroidManifest.xml:84:17-77
94-->src/main/AndroidManifest.xml:84:27-74
95            </intent-filter>
96        </activity>
97        <activity
97-->src/main/AndroidManifest.xml:87:9-89:59
98            android:name="com.rapido.provider.Login"
98-->src/main/AndroidManifest.xml:88:13-53
99            android:theme="@style/AppTheme.NoActionBar" />
99-->src/main/AndroidManifest.xml:89:13-56
100        <activity
100-->src/main/AndroidManifest.xml:90:9-92:59
101            android:name="com.rapido.provider.Transportation.Activities.FullImage"
101-->src/main/AndroidManifest.xml:91:13-83
102            android:theme="@style/AppTheme.NoActionBar" />
102-->src/main/AndroidManifest.xml:92:13-56
103        <activity
103-->src/main/AndroidManifest.xml:93:9-96:59
104            android:name="com.rapido.provider.SignUp"
104-->src/main/AndroidManifest.xml:94:13-54
105            android:screenOrientation="portrait"
105-->src/main/AndroidManifest.xml:95:13-49
106            android:theme="@style/AppTheme.NoActionBar" />
106-->src/main/AndroidManifest.xml:96:13-56
107        <activity
107-->src/main/AndroidManifest.xml:97:9-104:20
108            android:name="com.rapido.provider.Transportation.chat.UserChatActivity"
108-->src/main/AndroidManifest.xml:98:13-84
109            android:screenOrientation="portrait"
109-->src/main/AndroidManifest.xml:100:13-49
110            android:theme="@style/AppTheme.NoActionBar"
110-->src/main/AndroidManifest.xml:101:13-56
111            android:windowSoftInputMode="adjustResize" >
111-->src/main/AndroidManifest.xml:102:13-55
112        </activity>
113        <activity
113-->src/main/AndroidManifest.xml:105:9-108:59
114            android:name="com.rapido.provider.Transportation.Activities.UserReview"
114-->src/main/AndroidManifest.xml:106:13-84
115            android:screenOrientation="portrait"
115-->src/main/AndroidManifest.xml:107:13-49
116            android:theme="@style/AppTheme.NoActionBar" />
116-->src/main/AndroidManifest.xml:108:13-56
117        <activity
117-->src/main/AndroidManifest.xml:109:9-112:59
118            android:name="com.rapido.provider.ForgotPassword"
118-->src/main/AndroidManifest.xml:110:13-62
119            android:screenOrientation="portrait"
119-->src/main/AndroidManifest.xml:111:13-49
120            android:theme="@style/AppTheme.NoActionBar" /> <!-- Book&amp;WinProvider -->
120-->src/main/AndroidManifest.xml:112:13-56
121        <meta-data
121-->src/main/AndroidManifest.xml:113:9-115:54
122            android:name="com.google.android.geo.API_KEY"
122-->src/main/AndroidManifest.xml:114:13-58
123            android:value="@string/google_map_api" />
123-->src/main/AndroidManifest.xml:115:13-51
124
125        <!-- <activity -->
126        <!-- android:name="com.facebook.FacebookActivity" -->
127        <!-- android:configChanges="keyboard|keyboardHidden|screenLayout|screenSize|orientation" -->
128        <!-- android:label="@string/app_name" -->
129        <!-- android:screenOrientation="portrait" /> -->
130        <activity
130-->src/main/AndroidManifest.xml:122:9-126:59
131            android:name="com.rapido.provider.Transportation.Activities.Payment"
131-->src/main/AndroidManifest.xml:123:13-62
132            android:label="@string/app_name"
132-->src/main/AndroidManifest.xml:124:13-45
133            android:screenOrientation="portrait"
133-->src/main/AndroidManifest.xml:125:13-49
134            android:theme="@style/AppTheme.NoActionBar" />
134-->src/main/AndroidManifest.xml:126:13-56
135        <activity
135-->src/main/AndroidManifest.xml:127:9-131:58
136            android:name="com.rapido.provider.Transportation.Activities.MainActivity"
136-->src/main/AndroidManifest.xml:128:13-86
137            android:label="@string/app_name"
137-->src/main/AndroidManifest.xml:129:13-45
138            android:theme="@style/AppTheme.NoActionBar"
138-->src/main/AndroidManifest.xml:130:13-56
139            android:windowSoftInputMode="adjustResize" />
139-->src/main/AndroidManifest.xml:131:13-55
140        <activity
140-->src/main/AndroidManifest.xml:132:9-137:57
141            android:name="com.rapido.provider.Transportation.Activities.EditProfile"
141-->src/main/AndroidManifest.xml:133:13-85
142            android:label="@string/app_name"
142-->src/main/AndroidManifest.xml:134:13-45
143            android:screenOrientation="portrait"
143-->src/main/AndroidManifest.xml:135:13-49
144            android:theme="@style/AppTheme.NoActionBar"
144-->src/main/AndroidManifest.xml:136:13-56
145            android:windowSoftInputMode="stateHidden" />
145-->src/main/AndroidManifest.xml:137:13-54
146        <activity
146-->src/main/AndroidManifest.xml:138:9-143:57
147            android:name="com.rapido.provider.Transportation.Activities.ShowProfile"
147-->src/main/AndroidManifest.xml:139:13-85
148            android:label="@string/app_name"
148-->src/main/AndroidManifest.xml:140:13-45
149            android:screenOrientation="portrait"
149-->src/main/AndroidManifest.xml:141:13-49
150            android:theme="@style/AppTheme.NoActionBar"
150-->src/main/AndroidManifest.xml:142:13-56
151            android:windowSoftInputMode="stateHidden" />
151-->src/main/AndroidManifest.xml:143:13-54
152        <activity
152-->src/main/AndroidManifest.xml:144:9-149:58
153            android:name="com.rapido.provider.Transportation.Activities.HistoryDetails"
153-->src/main/AndroidManifest.xml:145:13-88
154            android:label="@string/app_name"
154-->src/main/AndroidManifest.xml:146:13-45
155            android:screenOrientation="portrait"
155-->src/main/AndroidManifest.xml:147:13-49
156            android:theme="@style/AppTheme.NoActionBar"
156-->src/main/AndroidManifest.xml:148:13-56
157            android:windowSoftInputMode="adjustResize" />
157-->src/main/AndroidManifest.xml:149:13-55
158        <activity
158-->src/main/AndroidManifest.xml:150:9-153:52
159            android:name="com.rapido.provider.Transportation.Activities.HistoryActivity"
159-->src/main/AndroidManifest.xml:151:13-89
160            android:label="Historique"
160-->src/main/AndroidManifest.xml:152:13-39
161            android:screenOrientation="portrait" />
161-->src/main/AndroidManifest.xml:153:13-49
162        <activity
162-->src/main/AndroidManifest.xml:154:9-157:57
163            android:name="com.rapido.provider.Transportation.Activities.CouponActivity"
163-->src/main/AndroidManifest.xml:155:13-88
164            android:label="Coupon"
164-->src/main/AndroidManifest.xml:156:13-35
165            android:windowSoftInputMode="stateHidden" />
165-->src/main/AndroidManifest.xml:157:13-54
166        <activity
166-->src/main/AndroidManifest.xml:158:9-163:58
167            android:name="com.rapido.provider.Transportation.Activities.ChangePassword"
167-->src/main/AndroidManifest.xml:159:13-88
168            android:label="@string/app_name"
168-->src/main/AndroidManifest.xml:160:13-45
169            android:screenOrientation="portrait"
169-->src/main/AndroidManifest.xml:161:13-49
170            android:theme="@style/AppTheme.NoActionBar"
170-->src/main/AndroidManifest.xml:162:13-56
171            android:windowSoftInputMode="adjustResize" />
171-->src/main/AndroidManifest.xml:163:13-55
172        <activity
172-->src/main/AndroidManifest.xml:164:9-169:58
173            android:name="com.rapido.provider.Transportation.Activities.CustomGooglePlacesSearch"
173-->src/main/AndroidManifest.xml:165:13-98
174            android:label="@string/app_name"
174-->src/main/AndroidManifest.xml:166:13-45
175            android:screenOrientation="portrait"
175-->src/main/AndroidManifest.xml:167:13-49
176            android:theme="@style/AppTheme.NoActionBar"
176-->src/main/AndroidManifest.xml:168:13-56
177            android:windowSoftInputMode="adjustResize" /> <!-- Firebase Notifications -->
177-->src/main/AndroidManifest.xml:169:13-55
178        <service android:name="com.rapido.provider.Transportation.FCM.MyFirebaseMessagingService" >
178-->src/main/AndroidManifest.xml:170:9-174:19
178-->src/main/AndroidManifest.xml:170:18-98
179            <intent-filter>
179-->src/main/AndroidManifest.xml:171:13-173:29
180                <action android:name="com.google.firebase.MESSAGING_EVENT" />
180-->src/main/AndroidManifest.xml:172:17-78
180-->src/main/AndroidManifest.xml:172:25-75
181            </intent-filter>
182        </service>
183
184        <meta-data
184-->src/main/AndroidManifest.xml:175:9-177:70
185            android:name="com.google.firebase.messaging.default_notification_channel_id"
185-->src/main/AndroidManifest.xml:176:13-89
186            android:value="@string/default_notification_channel_id" />
186-->src/main/AndroidManifest.xml:177:13-68
187
188        <receiver android:name="com.rapido.provider.Transportation.FCM.MyBroadcastReceiver" />
188-->src/main/AndroidManifest.xml:179:9-104
188-->src/main/AndroidManifest.xml:179:19-92
189
190        <meta-data
190-->src/main/AndroidManifest.xml:181:9-183:48
191            android:name="com.facebook.accountkit.ApplicationName"
191-->src/main/AndroidManifest.xml:182:13-67
192            android:value="@string/app_name" />
192-->src/main/AndroidManifest.xml:183:13-45
193        <meta-data
193-->src/main/AndroidManifest.xml:186:9-187:54
194            android:name="com.facebook.sdk.ApplicationId"
194-->src/main/AndroidManifest.xml:186:20-65
195            android:value="@string/facebook_app_id" />
195-->src/main/AndroidManifest.xml:187:13-52
196
197        <activity
197-->src/main/AndroidManifest.xml:189:9-192:48
198            android:name="com.facebook.FacebookActivity"
198-->src/main/AndroidManifest.xml:189:19-63
199            android:configChanges="keyboard|keyboardHidden|screenLayout|screenSize|orientation"
199-->src/main/AndroidManifest.xml:190:13-114
200            android:label="@string/app_name"
200-->src/main/AndroidManifest.xml:192:13-45
201            android:theme="@style/com_facebook_activity_theme" />
201-->[com.facebook.android:facebook-common:5.8.0] AndroidManifest.xml:32:13-63
202        <activity
202-->src/main/AndroidManifest.xml:193:9-202:20
203            android:name="com.facebook.CustomTabActivity"
203-->src/main/AndroidManifest.xml:194:13-58
204            android:exported="true" >
204-->src/main/AndroidManifest.xml:195:13-36
205            <intent-filter>
205-->src/main/AndroidManifest.xml:196:13-201:29
206                <action android:name="android.intent.action.VIEW" />
206-->src/main/AndroidManifest.xml:197:17-69
206-->src/main/AndroidManifest.xml:197:25-66
207
208                <category android:name="android.intent.category.DEFAULT" />
208-->src/main/AndroidManifest.xml:56:17-76
208-->src/main/AndroidManifest.xml:56:27-73
209                <category android:name="android.intent.category.BROWSABLE" />
209-->src/main/AndroidManifest.xml:199:17-78
209-->src/main/AndroidManifest.xml:199:27-75
210
211                <data android:scheme="@string/fb_login_protocol_scheme" />
211-->src/main/AndroidManifest.xml:200:17-75
211-->src/main/AndroidManifest.xml:200:23-72
212            </intent-filter>
213        </activity>
214
215        <meta-data
215-->src/main/AndroidManifest.xml:207:9-209:64
216            android:name="com.facebook.accountkit.ClientToken"
216-->src/main/AndroidManifest.xml:208:13-63
217            android:value="@string/ACCOUNT_KIT_CLIENT_TOKEN" />
217-->src/main/AndroidManifest.xml:209:13-61
218
219        <activity
219-->src/main/AndroidManifest.xml:211:9-215:45
220            android:name="com.facebook.accountkit.ui.AccountKitActivity"
220-->src/main/AndroidManifest.xml:212:13-73
221            android:label="@string/com_accountkit_button_log_in"
221-->[com.facebook.android:account-kit-sdk:5.4.0] AndroidManifest.xml:31:13-65
222            android:launchMode="singleTop"
222-->[com.facebook.android:account-kit-sdk:5.4.0] AndroidManifest.xml:32:13-43
223            android:screenOrientation="portrait"
223-->src/main/AndroidManifest.xml:213:13-49
224            android:theme="@style/CustomFbStyle"
224-->src/main/AndroidManifest.xml:214:13-49
225            android:windowSoftInputMode="adjustResize" />
225-->[com.facebook.android:account-kit-sdk:5.4.0] AndroidManifest.xml:34:13-55
226
227        <meta-data
227-->src/main/AndroidManifest.xml:217:9-219:72
228            android:name="io.fabric.ApiKey"
228-->src/main/AndroidManifest.xml:218:13-44
229            android:value="382cf003634c80b059946b0cd12ecd9c215c37da" />
229-->src/main/AndroidManifest.xml:219:13-69
230
231        <activity
231-->src/main/AndroidManifest.xml:221:9-225:59
232            android:name="com.rapido.provider.Transportation.Activities.SosCallActivity"
232-->src/main/AndroidManifest.xml:222:13-89
233            android:hardwareAccelerated="false"
233-->src/main/AndroidManifest.xml:223:13-48
234            android:screenOrientation="portrait"
234-->src/main/AndroidManifest.xml:224:13-49
235            android:theme="@style/AppTheme.NoActionBar" />
235-->src/main/AndroidManifest.xml:225:13-56
236        <activity
236-->src/main/AndroidManifest.xml:226:9-230:59
237            android:name="com.rapido.provider.Transportation.Activities.ComplaintsAcivity"
237-->src/main/AndroidManifest.xml:227:13-91
238            android:hardwareAccelerated="false"
238-->src/main/AndroidManifest.xml:228:13-48
239            android:screenOrientation="portrait"
239-->src/main/AndroidManifest.xml:229:13-49
240            android:theme="@style/AppTheme.NoActionBar" />
240-->src/main/AndroidManifest.xml:230:13-56
241        <activity
241-->src/main/AndroidManifest.xml:231:9-234:59
242            android:name="com.rapido.provider.Transportation.Activities.LegalActivity"
242-->src/main/AndroidManifest.xml:232:13-87
243            android:hardwareAccelerated="false"
243-->src/main/AndroidManifest.xml:233:13-48
244            android:theme="@style/AppTheme.NoActionBar" />
244-->src/main/AndroidManifest.xml:234:13-56
245        <activity
245-->src/main/AndroidManifest.xml:235:9-239:59
246            android:name="com.rapido.provider.Transportation.Activities.TermsOfUseActivity"
246-->src/main/AndroidManifest.xml:236:13-92
247            android:hardwareAccelerated="false"
247-->src/main/AndroidManifest.xml:237:13-48
248            android:screenOrientation="portrait"
248-->src/main/AndroidManifest.xml:238:13-49
249            android:theme="@style/AppTheme.NoActionBar" />
249-->src/main/AndroidManifest.xml:239:13-56
250        <activity
250-->src/main/AndroidManifest.xml:240:9-244:59
251            android:name="com.rapido.provider.Transportation.Activities.PrivacyPolicyActivity"
251-->src/main/AndroidManifest.xml:241:13-95
252            android:hardwareAccelerated="false"
252-->src/main/AndroidManifest.xml:242:13-48
253            android:screenOrientation="portrait"
253-->src/main/AndroidManifest.xml:243:13-49
254            android:theme="@style/AppTheme.NoActionBar" />
254-->src/main/AndroidManifest.xml:244:13-56
255        <activity
255-->src/main/AndroidManifest.xml:245:9-249:59
256            android:name="com.rapido.provider.Transportation.Activities.UpdateProfile"
256-->src/main/AndroidManifest.xml:246:13-87
257            android:hardwareAccelerated="false"
257-->src/main/AndroidManifest.xml:247:13-48
258            android:screenOrientation="portrait"
258-->src/main/AndroidManifest.xml:248:13-49
259            android:theme="@style/AppTheme.NoActionBar" />
259-->src/main/AndroidManifest.xml:249:13-56
260        <activity
260-->src/main/AndroidManifest.xml:250:9-255:58
261            android:name="com.rapido.provider.Transportation.Activities.WaitingForApproval"
261-->src/main/AndroidManifest.xml:251:13-92
262            android:label="@string/app_name"
262-->src/main/AndroidManifest.xml:252:13-45
263            android:screenOrientation="portrait"
263-->src/main/AndroidManifest.xml:253:13-49
264            android:theme="@style/AppTheme.NoActionBar"
264-->src/main/AndroidManifest.xml:254:13-56
265            android:windowSoftInputMode="adjustResize" />
265-->src/main/AndroidManifest.xml:255:13-55
266        <activity
266-->src/main/AndroidManifest.xml:256:9-260:59
267            android:name="com.rapido.provider.Transportation.Activities.FavouritePlaceSearch"
267-->src/main/AndroidManifest.xml:257:13-94
268            android:hardwareAccelerated="false"
268-->src/main/AndroidManifest.xml:258:13-48
269            android:screenOrientation="portrait"
269-->src/main/AndroidManifest.xml:259:13-49
270            android:theme="@style/AppTheme.NoActionBar" />
270-->src/main/AndroidManifest.xml:260:13-56
271        <activity
271-->src/main/AndroidManifest.xml:261:9-265:59
272            android:name="com.rapido.provider.OtpVerifyForgetPassword"
272-->src/main/AndroidManifest.xml:262:13-71
273            android:configChanges="orientation|keyboardHidden"
273-->src/main/AndroidManifest.xml:263:13-63
274            android:screenOrientation="portrait"
274-->src/main/AndroidManifest.xml:264:13-49
275            android:theme="@style/AppTheme.NoActionBar" />
275-->src/main/AndroidManifest.xml:265:13-56
276        <activity
276-->src/main/AndroidManifest.xml:266:9-270:59
277            android:name="com.rapido.provider.Transportation.Activities.DocumentUpload"
277-->src/main/AndroidManifest.xml:267:13-88
278            android:configChanges="orientation|keyboardHidden"
278-->src/main/AndroidManifest.xml:268:13-63
279            android:screenOrientation="portrait"
279-->src/main/AndroidManifest.xml:269:13-49
280            android:theme="@style/AppTheme.NoActionBar" />
280-->src/main/AndroidManifest.xml:270:13-56
281
282        <service
282-->src/main/AndroidManifest.xml:272:9-277:19
283            android:name="com.rapido.provider.Transportation.Service.StatusCheckServie"
283-->src/main/AndroidManifest.xml:273:13-88
284            android:enabled="true"
284-->src/main/AndroidManifest.xml:274:13-35
285            android:exported="false"
285-->src/main/AndroidManifest.xml:275:13-37
286            android:process=":ServiceProcess" >
286-->src/main/AndroidManifest.xml:276:13-46
287        </service>
288
289        <activity
289-->src/main/AndroidManifest.xml:279:9-283:59
290            android:name="com.rapido.provider.Transportation.Activities.TrackActivity"
290-->src/main/AndroidManifest.xml:280:13-87
291            android:configChanges="orientation|keyboardHidden"
291-->src/main/AndroidManifest.xml:281:13-63
292            android:screenOrientation="portrait"
292-->src/main/AndroidManifest.xml:282:13-49
293            android:theme="@style/AppTheme.NoActionBar" />
293-->src/main/AndroidManifest.xml:283:13-56
294        <activity
294-->src/main/AndroidManifest.xml:284:9-287:59
295            android:name="com.rapido.provider.Transportation.Activities.Profile"
295-->src/main/AndroidManifest.xml:285:13-81
296            android:configChanges="orientation|keyboardHidden"
296-->src/main/AndroidManifest.xml:286:13-63
297            android:theme="@style/AppTheme.NoActionBar" />
297-->src/main/AndroidManifest.xml:287:13-56
298        <activity
298-->src/main/AndroidManifest.xml:288:9-292:59
299            android:name="com.rapido.provider.Transportation.Activities.EarningActivity"
299-->src/main/AndroidManifest.xml:289:13-89
300            android:configChanges="orientation|keyboardHidden"
300-->src/main/AndroidManifest.xml:290:13-63
301            android:screenOrientation="portrait"
301-->src/main/AndroidManifest.xml:291:13-49
302            android:theme="@style/AppTheme.NoActionBar" />
302-->src/main/AndroidManifest.xml:292:13-56
303
304        <provider
305            android:name="androidx.core.content.FileProvider"
305-->src/main/AndroidManifest.xml:295:13-62
306            android:authorities="com.rapido.provider.provider"
306-->src/main/AndroidManifest.xml:296:13-60
307            android:exported="false"
307-->src/main/AndroidManifest.xml:297:13-37
308            android:grantUriPermissions="true" >
308-->src/main/AndroidManifest.xml:298:13-47
309            <meta-data
309-->src/main/AndroidManifest.xml:299:13-301:54
310                android:name="android.support.FILE_PROVIDER_PATHS"
310-->src/main/AndroidManifest.xml:300:17-67
311                android:resource="@xml/file_paths" />
311-->src/main/AndroidManifest.xml:301:17-51
312        </provider>
313
314        <activity
314-->[com.stripe:stripe-android:9.0.1] AndroidManifest.xml:12:9-15:58
315            android:name="com.stripe.android.view.AddSourceActivity"
315-->[com.stripe:stripe-android:9.0.1] AndroidManifest.xml:13:13-69